<?xml version="1.0" encoding="UTF-8"?>
<!-- Generated by org.testng.reporters.JUnitReportReporter -->
<testsuite hostname="DESKTOP-FPMLR2B" failures="0" tests="1" name="pageIgnition.PageIgnitionClass" time="0.065" errors="0" timestamp="2023-03-15T11:56:05 IST" skipped="0">
  <testcase classname="pageIgnition.PageIgnitionClass" name="test" time="0.065"/>
  <system-out/>
</testsuite> <!-- pageIgnition.PageIgnitionClass -->
